INFO 2025-06-25 19:22:03,972 autoreload Watching for file changes with StatReloader
INFO 2025-06-25 19:22:04,048 autoreload Watching for file changes with StatReloader
INFO 2025-06-25 19:22:04,106 autoreload Watching for file changes with StatReloader
INFO 2025-06-25 19:22:04,180 autoreload Watching for file changes with StatReloader
INFO 2025-06-25 19:22:04,196 autoreload Watching for file changes with StatReloader
INFO 2025-06-25 19:22:35,955 autoreload C:\Users\dell\django_helpdesk\tickets\utils.py changed, reloading.
INFO 2025-06-25 19:22:36,011 autoreload C:\Users\dell\django_helpdesk\helpdesk_project\settings.py changed, reloading.
INFO 2025-06-25 19:22:36,121 autoreload C:\Users\dell\django_helpdesk\helpdesk_project\settings.py changed, reloading.
INFO 2025-06-25 19:22:36,578 autoreload C:\Users\dell\django_helpdesk\tickets\utils.py changed, reloading.
INFO 2025-06-25 19:22:36,653 autoreload C:\Users\dell\django_helpdesk\tickets\utils.py changed, reloading.
INFO 2025-06-25 19:22:38,793 autoreload Watching for file changes with StatReloader
INFO 2025-06-25 19:22:38,864 autoreload Watching for file changes with StatReloader
INFO 2025-06-25 19:22:38,905 autoreload Watching for file changes with StatReloader
INFO 2025-06-25 19:22:39,369 autoreload Watching for file changes with StatReloader
INFO 2025-06-25 19:22:39,428 autoreload Watching for file changes with StatReloader
INFO 2025-06-25 19:25:36,150 autoreload Watching for file changes with StatReloader
INFO 2025-06-25 19:27:16,408 autoreload C:\Users\dell\django_helpdesk\helpdesk_project\settings.py changed, reloading.
INFO 2025-06-25 19:27:16,503 autoreload C:\Users\dell\django_helpdesk\helpdesk_project\settings.py changed, reloading.
INFO 2025-06-25 19:27:16,724 autoreload C:\Users\dell\django_helpdesk\helpdesk_project\settings.py changed, reloading.
INFO 2025-06-25 19:27:16,706 autoreload C:\Users\dell\django_helpdesk\helpdesk_project\settings.py changed, reloading.
INFO 2025-06-25 19:27:16,706 autoreload C:\Users\dell\django_helpdesk\helpdesk_project\settings.py changed, reloading.
INFO 2025-06-25 19:27:16,927 autoreload C:\Users\dell\django_helpdesk\helpdesk_project\settings.py changed, reloading.
INFO 2025-06-25 19:27:18,484 autoreload Watching for file changes with StatReloader
INFO 2025-06-25 19:27:18,779 autoreload Watching for file changes with StatReloader
INFO 2025-06-25 19:27:19,055 autoreload Watching for file changes with StatReloader
INFO 2025-06-25 19:27:19,074 autoreload Watching for file changes with StatReloader
INFO 2025-06-25 19:27:19,197 autoreload Watching for file changes with StatReloader
INFO 2025-06-25 19:27:19,672 autoreload Watching for file changes with StatReloader
INFO 2025-06-25 19:28:35,632 autoreload Watching for file changes with StatReloader
INFO 2025-06-25 19:28:51,566 autoreload C:\Users\dell\django_helpdesk\tickets\views.py changed, reloading.
INFO 2025-06-25 19:28:51,970 autoreload C:\Users\dell\django_helpdesk\tickets\views.py changed, reloading.
INFO 2025-06-25 19:28:52,147 autoreload C:\Users\dell\django_helpdesk\tickets\views.py changed, reloading.
INFO 2025-06-25 19:28:52,193 autoreload C:\Users\dell\django_helpdesk\tickets\views.py changed, reloading.
INFO 2025-06-25 19:28:52,315 autoreload C:\Users\dell\django_helpdesk\tickets\views.py changed, reloading.
INFO 2025-06-25 19:28:52,405 autoreload C:\Users\dell\django_helpdesk\tickets\views.py changed, reloading.
INFO 2025-06-25 19:28:52,391 autoreload C:\Users\dell\django_helpdesk\tickets\views.py changed, reloading.
INFO 2025-06-25 19:28:55,107 autoreload Watching for file changes with StatReloader
INFO 2025-06-25 19:28:55,120 autoreload Watching for file changes with StatReloader
INFO 2025-06-25 19:28:55,252 autoreload Watching for file changes with StatReloader
INFO 2025-06-25 19:28:55,332 autoreload Watching for file changes with StatReloader
INFO 2025-06-25 19:28:55,527 autoreload Watching for file changes with StatReloader
INFO 2025-06-25 19:28:55,949 autoreload Watching for file changes with StatReloader
INFO 2025-06-25 19:28:56,154 autoreload Watching for file changes with StatReloader
INFO 2025-06-25 19:29:05,315 autoreload C:\Users\dell\django_helpdesk\tickets\views.py changed, reloading.
INFO 2025-06-25 19:29:05,241 autoreload C:\Users\dell\django_helpdesk\tickets\views.py changed, reloading.
INFO 2025-06-25 19:29:05,321 autoreload C:\Users\dell\django_helpdesk\tickets\views.py changed, reloading.
INFO 2025-06-25 19:29:05,459 autoreload C:\Users\dell\django_helpdesk\tickets\views.py changed, reloading.
INFO 2025-06-25 19:29:05,918 autoreload C:\Users\dell\django_helpdesk\tickets\views.py changed, reloading.
INFO 2025-06-25 19:29:06,129 autoreload C:\Users\dell\django_helpdesk\tickets\views.py changed, reloading.
INFO 2025-06-25 19:29:06,313 autoreload C:\Users\dell\django_helpdesk\tickets\views.py changed, reloading.
INFO 2025-06-25 19:29:08,594 autoreload Watching for file changes with StatReloader
INFO 2025-06-25 19:29:08,641 autoreload Watching for file changes with StatReloader
INFO 2025-06-25 19:29:08,838 autoreload Watching for file changes with StatReloader
INFO 2025-06-25 19:29:08,857 autoreload Watching for file changes with StatReloader
INFO 2025-06-25 19:29:09,013 autoreload Watching for file changes with StatReloader
INFO 2025-06-25 19:29:09,149 autoreload Watching for file changes with StatReloader
INFO 2025-06-25 19:29:09,301 autoreload Watching for file changes with StatReloader
INFO 2025-06-25 19:29:45,371 autoreload Watching for file changes with StatReloader
INFO 2025-06-25 19:30:47,653 autoreload C:\Users\dell\django_helpdesk\tickets\views.py changed, reloading.
INFO 2025-06-25 19:30:47,678 autoreload C:\Users\dell\django_helpdesk\helpdesk_project\settings.py changed, reloading.
INFO 2025-06-25 19:30:47,697 autoreload C:\Users\dell\django_helpdesk\tickets\views.py changed, reloading.
INFO 2025-06-25 19:30:47,820 autoreload C:\Users\dell\django_helpdesk\helpdesk_project\settings.py changed, reloading.
INFO 2025-06-25 19:30:48,082 autoreload C:\Users\dell\django_helpdesk\tickets\views.py changed, reloading.
INFO 2025-06-25 19:30:48,331 autoreload C:\Users\dell\django_helpdesk\tickets\views.py changed, reloading.
INFO 2025-06-25 19:30:48,646 autoreload C:\Users\dell\django_helpdesk\tickets\views.py changed, reloading.
INFO 2025-06-25 19:30:48,807 autoreload C:\Users\dell\django_helpdesk\helpdesk_project\settings.py changed, reloading.
INFO 2025-06-25 19:30:51,099 autoreload Watching for file changes with StatReloader
INFO 2025-06-25 19:30:52,272 autoreload Watching for file changes with StatReloader
INFO 2025-06-25 19:30:52,316 autoreload Watching for file changes with StatReloader
INFO 2025-06-25 19:30:52,496 autoreload Watching for file changes with StatReloader
INFO 2025-06-25 19:30:53,808 autoreload Watching for file changes with StatReloader
INFO 2025-06-25 19:30:53,847 autoreload Watching for file changes with StatReloader
INFO 2025-06-25 19:30:53,865 autoreload Watching for file changes with StatReloader
INFO 2025-06-25 19:30:54,418 autoreload Watching for file changes with StatReloader
INFO 2025-06-25 19:31:11,274 views About to send resolved notification for ticket #17
INFO 2025-06-25 19:31:11,274 views About to send resolved notification for ticket #17
INFO 2025-06-25 19:31:11,275 utils Attempting to send ticket resolution email for ticket #17
INFO 2025-06-25 19:31:11,275 utils Attempting to send ticket resolution email for ticket #17
INFO 2025-06-25 19:31:11,318 utils Successfully sent ticket resolution email for ticket #17 to yahyaelhama@gmail.com
INFO 2025-06-25 19:31:11,318 utils Successfully sent ticket resolution email for ticket #17 to yahyaelhama@gmail.com
INFO 2025-06-25 19:31:11,320 views Resolved notification sent for ticket #17
INFO 2025-06-25 19:31:11,320 views Resolved notification sent for ticket #17
WARNING 2025-06-25 19:31:15,860 log Not Found: /.well-known/appspecific/com.chrome.devtools.json
INFO 2025-06-25 20:43:21,468 autoreload Watching for file changes with StatReloader
INFO 2025-06-25 20:44:37,525 views About to send email notification for ticket #18
INFO 2025-06-25 20:44:37,525 views About to send email notification for ticket #18
INFO 2025-06-25 20:44:37,527 utils Attempting to send ticket creation email for ticket #18
INFO 2025-06-25 20:44:37,527 utils Attempting to send ticket creation email for ticket #18
INFO 2025-06-25 20:44:39,385 utils Successfully sent ticket creation email for ticket #18 to hichamagrad94@gmail.com
INFO 2025-06-25 20:44:39,385 utils Successfully sent ticket creation email for ticket #18 to hichamagrad94@gmail.com
INFO 2025-06-25 20:44:39,388 views Email notification sent for ticket #18
INFO 2025-06-25 20:44:39,388 views Email notification sent for ticket #18
INFO 2025-06-25 20:45:53,588 views About to send resolved notification for ticket #18
INFO 2025-06-25 20:45:53,588 views About to send resolved notification for ticket #18
INFO 2025-06-25 20:45:53,589 utils Attempting to send ticket resolution email for ticket #18
INFO 2025-06-25 20:45:53,589 utils Attempting to send ticket resolution email for ticket #18
INFO 2025-06-25 20:45:55,177 utils Successfully sent ticket resolution email for ticket #18 to hichamagrad94@gmail.com
INFO 2025-06-25 20:45:55,177 utils Successfully sent ticket resolution email for ticket #18 to hichamagrad94@gmail.com
INFO 2025-06-25 20:45:55,179 views Resolved notification sent for ticket #18
INFO 2025-06-25 20:45:55,179 views Resolved notification sent for ticket #18
INFO 2025-06-25 20:46:20,108 autoreload C:\Users\dell\django_helpdesk\tickets\utils.py changed, reloading.
INFO 2025-06-25 20:46:21,776 autoreload Watching for file changes with StatReloader
INFO 2025-06-25 20:57:57,985 autoreload C:\Users\dell\django_helpdesk\helpdesk_project\settings.py changed, reloading.
INFO 2025-06-25 20:57:59,516 autoreload Watching for file changes with StatReloader
INFO 2025-06-25 20:58:18,360 autoreload C:\Users\dell\django_helpdesk\helpdesk_project\settings.py changed, reloading.
INFO 2025-06-25 20:58:19,185 autoreload Watching for file changes with StatReloader
INFO 2025-06-25 20:58:59,270 autoreload C:\Users\dell\django_helpdesk\helpdesk_project\settings.py changed, reloading.
INFO 2025-06-25 20:59:01,316 autoreload Watching for file changes with StatReloader
WARNING 2025-06-25 21:05:08,106 log Not Found: /.well-known/appspecific/com.chrome.devtools.json
ERROR 2025-06-25 21:23:11,796 log Internal Server Error: /
Traceback (most recent call last):
  File "C:\Users\dell\AppData\Local\Packages\PythonSoftwareFoundation.Python.3.12_qbz5n2kfra8p0\LocalCache\local-packages\Python312\site-packages\django\core\handlers\exception.py", line 55, in inner
    response = get_response(request)
               ^^^^^^^^^^^^^^^^^^^^^
  File "C:\Users\dell\AppData\Local\Packages\PythonSoftwareFoundation.Python.3.12_qbz5n2kfra8p0\LocalCache\local-packages\Python312\site-packages\django\core\handlers\base.py", line 197, in _get_response
    response = wrapped_callback(request, *callback_args, **callback_kwargs)
               ^^^^^^^^^^^^^^^^^^^^^^^^^^^^^^^^^^^^^^^^^^^^^^^^^^^^^^^^^^^^
  File "C:\Users\dell\AppData\Local\Packages\PythonSoftwareFoundation.Python.3.12_qbz5n2kfra8p0\LocalCache\local-packages\Python312\site-packages\django\contrib\auth\decorators.py", line 59, in _view_wrapper
    return view_func(request, *args, **kwargs)
           ^^^^^^^^^^^^^^^^^^^^^^^^^^^^^^^^^^^
  File "C:\Users\dell\django_helpdesk\tickets\views.py", line 151, in dashboard
    return render(request, 'tickets/dashboard.html', context)
           ^^^^^^^^^^^^^^^^^^^^^^^^^^^^^^^^^^^^^^^^^^^^^^^^^^
  File "C:\Users\dell\AppData\Local\Packages\PythonSoftwareFoundation.Python.3.12_qbz5n2kfra8p0\LocalCache\local-packages\Python312\site-packages\django\shortcuts.py", line 25, in render
    content = loader.render_to_string(template_name, context, request, using=using)
              ^^^^^^^^^^^^^^^^^^^^^^^^^^^^^^^^^^^^^^^^^^^^^^^^^^^^^^^^^^^^^^^^^^^^^
  File "C:\Users\dell\AppData\Local\Packages\PythonSoftwareFoundation.Python.3.12_qbz5n2kfra8p0\LocalCache\local-packages\Python312\site-packages\django\template\loader.py", line 61, in render_to_string
    template = get_template(template_name, using=using)
               ^^^^^^^^^^^^^^^^^^^^^^^^^^^^^^^^^^^^^^^^
  File "C:\Users\dell\AppData\Local\Packages\PythonSoftwareFoundation.Python.3.12_qbz5n2kfra8p0\LocalCache\local-packages\Python312\site-packages\django\template\loader.py", line 15, in get_template
    return engine.get_template(template_name)
           ^^^^^^^^^^^^^^^^^^^^^^^^^^^^^^^^^^
  File "C:\Users\dell\AppData\Local\Packages\PythonSoftwareFoundation.Python.3.12_qbz5n2kfra8p0\LocalCache\local-packages\Python312\site-packages\django\template\backends\django.py", line 79, in get_template
    return Template(self.engine.get_template(template_name), self)
                    ^^^^^^^^^^^^^^^^^^^^^^^^^^^^^^^^^^^^^^^
  File "C:\Users\dell\AppData\Local\Packages\PythonSoftwareFoundation.Python.3.12_qbz5n2kfra8p0\LocalCache\local-packages\Python312\site-packages\django\template\engine.py", line 177, in get_template
    template, origin = self.find_template(template_name)
                       ^^^^^^^^^^^^^^^^^^^^^^^^^^^^^^^^^
  File "C:\Users\dell\AppData\Local\Packages\PythonSoftwareFoundation.Python.3.12_qbz5n2kfra8p0\LocalCache\local-packages\Python312\site-packages\django\template\engine.py", line 159, in find_template
    template = loader.get_template(name, skip=skip)
               ^^^^^^^^^^^^^^^^^^^^^^^^^^^^^^^^^^^^
  File "C:\Users\dell\AppData\Local\Packages\PythonSoftwareFoundation.Python.3.12_qbz5n2kfra8p0\LocalCache\local-packages\Python312\site-packages\django\template\loaders\cached.py", line 57, in get_template
    template = super().get_template(template_name, skip)
               ^^^^^^^^^^^^^^^^^^^^^^^^^^^^^^^^^^^^^^^^^
  File "C:\Users\dell\AppData\Local\Packages\PythonSoftwareFoundation.Python.3.12_qbz5n2kfra8p0\LocalCache\local-packages\Python312\site-packages\django\template\loaders\base.py", line 28, in get_template
    return Template(
           ^^^^^^^^^
  File "C:\Users\dell\AppData\Local\Packages\PythonSoftwareFoundation.Python.3.12_qbz5n2kfra8p0\LocalCache\local-packages\Python312\site-packages\django\template\base.py", line 154, in __init__
    self.nodelist = self.compile_nodelist()
                    ^^^^^^^^^^^^^^^^^^^^^^^
  File "C:\Users\dell\AppData\Local\Packages\PythonSoftwareFoundation.Python.3.12_qbz5n2kfra8p0\LocalCache\local-packages\Python312\site-packages\django\template\base.py", line 196, in compile_nodelist
    nodelist = parser.parse()
               ^^^^^^^^^^^^^^
  File "C:\Users\dell\AppData\Local\Packages\PythonSoftwareFoundation.Python.3.12_qbz5n2kfra8p0\LocalCache\local-packages\Python312\site-packages\django\template\base.py", line 518, in parse
    raise self.error(token, e)
  File "C:\Users\dell\AppData\Local\Packages\PythonSoftwareFoundation.Python.3.12_qbz5n2kfra8p0\LocalCache\local-packages\Python312\site-packages\django\template\base.py", line 516, in parse
    compiled_result = compile_func(self, token)
                      ^^^^^^^^^^^^^^^^^^^^^^^^^
  File "C:\Users\dell\AppData\Local\Packages\PythonSoftwareFoundation.Python.3.12_qbz5n2kfra8p0\LocalCache\local-packages\Python312\site-packages\django\template\loader_tags.py", line 299, in do_extends
    nodelist = parser.parse()
               ^^^^^^^^^^^^^^
  File "C:\Users\dell\AppData\Local\Packages\PythonSoftwareFoundation.Python.3.12_qbz5n2kfra8p0\LocalCache\local-packages\Python312\site-packages\django\template\base.py", line 518, in parse
    raise self.error(token, e)
  File "C:\Users\dell\AppData\Local\Packages\PythonSoftwareFoundation.Python.3.12_qbz5n2kfra8p0\LocalCache\local-packages\Python312\site-packages\django\template\base.py", line 516, in parse
    compiled_result = compile_func(self, token)
                      ^^^^^^^^^^^^^^^^^^^^^^^^^
  File "C:\Users\dell\AppData\Local\Packages\PythonSoftwareFoundation.Python.3.12_qbz5n2kfra8p0\LocalCache\local-packages\Python312\site-packages\django\template\loader_tags.py", line 234, in do_block
    nodelist = parser.parse(("endblock",))
               ^^^^^^^^^^^^^^^^^^^^^^^^^^^
  File "C:\Users\dell\AppData\Local\Packages\PythonSoftwareFoundation.Python.3.12_qbz5n2kfra8p0\LocalCache\local-packages\Python312\site-packages\django\template\base.py", line 523, in parse
    self.unclosed_block_tag(parse_until)
  File "C:\Users\dell\AppData\Local\Packages\PythonSoftwareFoundation.Python.3.12_qbz5n2kfra8p0\LocalCache\local-packages\Python312\site-packages\django\template\base.py", line 590, in unclosed_block_tag
    raise self.error(token, msg)
django.template.exceptions.TemplateSyntaxError: Unclosed tag on line 79: 'block'. Looking for one of: endblock.
INFO 2025-06-25 21:27:39,800 autoreload Watching for file changes with StatReloader
INFO 2025-06-25 21:36:37,453 autoreload Watching for file changes with StatReloader
INFO 2025-06-25 21:46:01,584 autoreload Watching for file changes with StatReloader
WARNING 2025-06-25 21:48:51,504 log Not Found: /.well-known/appspecific/com.chrome.devtools.json
INFO 2025-06-25 21:55:20,733 autoreload Watching for file changes with StatReloader
INFO 2025-06-25 22:09:58,945 autoreload C:\Users\dell\django_helpdesk\tickets\views.py changed, reloading.
INFO 2025-06-25 22:09:59,189 autoreload C:\Users\dell\django_helpdesk\tickets\views.py changed, reloading.
INFO 2025-06-25 22:10:01,103 autoreload Watching for file changes with StatReloader
INFO 2025-06-25 22:10:01,111 autoreload Watching for file changes with StatReloader
INFO 2025-06-25 23:59:31,657 autoreload C:\Users\dell\django_helpdesk\tickets\views.py changed, reloading.
INFO 2025-06-25 23:59:31,865 autoreload C:\Users\dell\django_helpdesk\tickets\views.py changed, reloading.
INFO 2025-06-25 23:59:33,792 autoreload Watching for file changes with StatReloader
INFO 2025-06-25 23:59:33,792 autoreload Watching for file changes with StatReloader
INFO 2025-06-25 23:59:56,739 autoreload C:\Users\dell\django_helpdesk\tickets\views.py changed, reloading.
INFO 2025-06-25 23:59:56,743 autoreload C:\Users\dell\django_helpdesk\tickets\views.py changed, reloading.
INFO 2025-06-25 23:59:59,403 autoreload Watching for file changes with StatReloader
INFO 2025-06-25 23:59:59,523 autoreload Watching for file changes with StatReloader
INFO 2025-06-26 00:00:57,256 autoreload C:\Users\dell\django_helpdesk\tickets\views.py changed, reloading.
INFO 2025-06-26 00:00:57,985 autoreload C:\Users\dell\django_helpdesk\tickets\views.py changed, reloading.
INFO 2025-06-26 00:00:59,021 autoreload Watching for file changes with StatReloader
INFO 2025-06-26 00:00:59,371 autoreload Watching for file changes with StatReloader
INFO 2025-06-26 00:01:51,517 autoreload C:\Users\dell\django_helpdesk\tickets\views.py changed, reloading.
INFO 2025-06-26 00:01:51,519 autoreload C:\Users\dell\django_helpdesk\tickets\views.py changed, reloading.
INFO 2025-06-26 00:01:53,158 autoreload Watching for file changes with StatReloader
INFO 2025-06-26 00:01:53,158 autoreload Watching for file changes with StatReloader
INFO 2025-06-26 00:02:10,996 autoreload C:\Users\dell\django_helpdesk\tickets\views.py changed, reloading.
INFO 2025-06-26 00:02:11,346 autoreload C:\Users\dell\django_helpdesk\tickets\views.py changed, reloading.
INFO 2025-06-26 00:02:12,211 autoreload Watching for file changes with StatReloader
INFO 2025-06-26 00:02:12,398 autoreload Watching for file changes with StatReloader
INFO 2025-06-26 00:02:53,417 autoreload C:\Users\dell\django_helpdesk\tickets\views.py changed, reloading.
INFO 2025-06-26 00:02:57,535 autoreload Watching for file changes with StatReloader
INFO 2025-06-26 00:11:22,230 autoreload C:\Users\dell\django_helpdesk\tickets\views.py changed, reloading.
INFO 2025-06-26 00:11:35,888 autoreload Watching for file changes with StatReloader
INFO 2025-06-26 00:17:13,027 autoreload C:\Users\dell\django_helpdesk\tickets\views.py changed, reloading.
INFO 2025-06-26 00:17:16,585 autoreload Watching for file changes with StatReloader
WARNING 2025-06-26 00:38:58,003 log Forbidden (CSRF token from POST incorrect.): /accounts/logout/
